{"contracts\\FeeManager.sol":{"l":{"34":0,"36":0,"37":0,"39":0,"40":0,"42":0,"47":0,"57":0,"58":0,"60":0,"61":0,"64":0,"71":0,"72":0,"74":0,"75":0,"82":0,"83":0,"85":0,"86":0,"88":0,"95":0,"96":0,"98":0,"99":0,"107":0,"108":0,"109":0,"111":0,"112":0,"113":0,"115":0,"121":0,"123":0,"130":0},"path":"C:\\Users\\athar\\OneDrive\\Desktop\\10TEST01\\contracts\\FeeManager.sol","s":{"1":0,"2":0,"3":0,"4":0,"5":0,"6":0,"7":0,"8":0,"9":0,"10":0,"11":0,"12":0,"13":0,"14":0,"15":0,"16":0,"17":0,"18":0,"19":0,"20":0,"21":0,"22":0,"23":0},"b":{"1":[0,0],"2":[0,0],"3":[0,0],"4":[0,0],"5":[0,0],"6":[0,0],"7":[0,0],"8":[0,0],"9":[0,0],"10":[0,0],"11":[0,0],"12":[0,0],"13":[0,0],"14":[0,0],"15":[0,0],"16":[0,0],"17":[0,0],"18":[0,0],"19":[0,0],"20":[0,0],"21":[0,0],"22":[0,0],"23":[0,0],"24":[0,0],"25":[0,0],"26":[0,0],"27":[0,0],"28":[0,0]},"f":{"1":0,"2":0,"3":0,"4":0,"5":0,"6":0,"7":0,"8":0},"fnMap":{"1":{"name":"constructor","line":33,"loc":{"start":{"line":33,"column":4},"end":{"line":51,"column":4}}},"2":{"name":"calculateFee","line":53,"loc":{"start":{"line":53,"column":4},"end":{"line":65,"column":4}}},"3":{"name":"processFee","line":70,"loc":{"start":{"line":67,"column":4},"end":{"line":76,"column":4}}},"4":{"name":"setFees","line":81,"loc":{"start":{"line":78,"column":4},"end":{"line":89,"column":4}}},"5":{"name":"updateDiscountTokenThreshold","line":94,"loc":{"start":{"line":91,"column":4},"end":{"line":100,"column":4}}},"6":{"name":"withdrawFees","line":106,"loc":{"start":{"line":102,"column":4},"end":{"line":116,"column":4}}},"7":{"name":"isEligibleForDiscount","line":118,"loc":{"start":{"line":118,"column":4},"end":{"line":127,"column":4}}},"8":{"name":"togglePause","line":129,"loc":{"start":{"line":129,"column":4},"end":{"line":131,"column":4}}}},"statementMap":{"1":{"start":{"line":34,"column":8},"end":{"line":34,"column":84}},"2":{"start":{"line":39,"column":8},"end":{"line":39,"column":49}},"3":{"start":{"line":40,"column":8},"end":{"line":40,"column":41}},"4":{"start":{"line":57,"column":8},"end":{"line":57,"column":47}},"5":{"start":{"line":58,"column":8},"end":{"line":58,"column":52}},"6":{"start":{"line":60,"column":8},"end":{"line":60,"column":2012}},"7":{"start":{"line":61,"column":12},"end":{"line":61,"column":51}},"8":{"start":{"line":64,"column":8},"end":{"line":64,"column":41}},"9":{"start":{"line":71,"column":8},"end":{"line":71,"column":47}},"10":{"start":{"line":72,"column":8},"end":{"line":72,"column":53}},"11":{"start":{"line":75,"column":8},"end":{"line":75,"column":40}},"12":{"start":{"line":82,"column":8},"end":{"line":82,"column":2701}},"13":{"start":{"line":88,"column":8},"end":{"line":88,"column":54}},"14":{"start":{"line":95,"column":8},"end":{"line":95,"column":3127}},"15":{"start":{"line":99,"column":8},"end":{"line":99,"column":54}},"16":{"start":{"line":107,"column":8},"end":{"line":107,"column":80}},"17":{"start":{"line":108,"column":8},"end":{"line":108,"column":47}},"18":{"start":{"line":109,"column":8},"end":{"line":109,"column":74}},"19":{"start":{"line":112,"column":8},"end":{"line":112,"column":64}},"20":{"start":{"line":113,"column":8},"end":{"line":113,"column":42}},"21":{"start":{"line":115,"column":8},"end":{"line":115,"column":51}},"22":{"start":{"line":121,"column":8},"end":{"line":121,"column":52}},"23":{"start":{"line":123,"column":8},"end":{"line":123,"column":4129}}},"branchMap":{"1":{"line":34,"type":"if","locations":[{"start":{"line":34,"column":8},"end":{"line":34,"column":8}},{"start":{"line":34,"column":8},"end":{"line":34,"column":8}}]},"2":{"line":34,"type":"cond-expr","locations":[{"start":{"line":34,"column":12},"end":{"line":34,"column":34}},{"start":{"line":34,"column":39},"end":{"line":34,"column":61}}]},"3":{"line":57,"type":"if","locations":[{"start":{"line":57,"column":8},"end":{"line":57,"column":8}},{"start":{"line":57,"column":8},"end":{"line":57,"column":8}}]},"4":{"line":58,"type":"if","locations":[{"start":{"line":58,"column":8},"end":{"line":58,"column":8}},{"start":{"line":58,"column":8},"end":{"line":58,"column":8}}]},"5":{"line":60,"type":"if","locations":[{"start":{"line":60,"column":8},"end":{"line":60,"column":8}},{"start":{"line":60,"column":8},"end":{"line":60,"column":8}}]},"6":{"line":70,"type":"if","locations":[{"start":{"line":70,"column":24},"end":{"line":70,"column":24}},{"start":{"line":70,"column":24},"end":{"line":70,"column":24}}]},"7":{"line":70,"type":"if","locations":[{"start":{"line":70,"column":37},"end":{"line":70,"column":37}},{"start":{"line":70,"column":37},"end":{"line":70,"column":37}}]},"8":{"line":71,"type":"if","locations":[{"start":{"line":71,"column":8},"end":{"line":71,"column":8}},{"start":{"line":71,"column":8},"end":{"line":71,"column":8}}]},"9":{"line":72,"type":"if","locations":[{"start":{"line":72,"column":8},"end":{"line":72,"column":8}},{"start":{"line":72,"column":8},"end":{"line":72,"column":8}}]},"10":{"line":81,"type":"if","locations":[{"start":{"line":81,"column":15},"end":{"line":81,"column":15}},{"start":{"line":81,"column":15},"end":{"line":81,"column":15}}]},"11":{"line":81,"type":"if","locations":[{"start":{"line":81,"column":36},"end":{"line":81,"column":36}},{"start":{"line":81,"column":36},"end":{"line":81,"column":36}}]},"12":{"line":82,"type":"if","locations":[{"start":{"line":82,"column":8},"end":{"line":82,"column":8}},{"start":{"line":82,"column":8},"end":{"line":82,"column":8}}]},"13":{"line":82,"type":"cond-expr","locations":[{"start":{"line":82,"column":12},"end":{"line":82,"column":41}},{"start":{"line":82,"column":46},"end":{"line":82,"column":62}}]},"14":{"line":94,"type":"if","locations":[{"start":{"line":94,"column":15},"end":{"line":94,"column":15}},{"start":{"line":94,"column":15},"end":{"line":94,"column":15}}]},"15":{"line":94,"type":"if","locations":[{"start":{"line":94,"column":36},"end":{"line":94,"column":36}},{"start":{"line":94,"column":36},"end":{"line":94,"column":36}}]},"16":{"line":95,"type":"if","locations":[{"start":{"line":95,"column":8},"end":{"line":95,"column":8}},{"start":{"line":95,"column":8},"end":{"line":95,"column":8}}]},"17":{"line":106,"type":"if","locations":[{"start":{"line":106,"column":15},"end":{"line":106,"column":15}},{"start":{"line":106,"column":15},"end":{"line":106,"column":15}}]},"18":{"line":106,"type":"if","locations":[{"start":{"line":106,"column":36},"end":{"line":106,"column":36}},{"start":{"line":106,"column":36},"end":{"line":106,"column":36}}]},"19":{"line":106,"type":"if","locations":[{"start":{"line":106,"column":49},"end":{"line":106,"column":49}},{"start":{"line":106,"column":49},"end":{"line":106,"column":49}}]},"20":{"line":107,"type":"if","locations":[{"start":{"line":107,"column":8},"end":{"line":107,"column":8}},{"start":{"line":107,"column":8},"end":{"line":107,"column":8}}]},"21":{"line":107,"type":"cond-expr","locations":[{"start":{"line":107,"column":12},"end":{"line":107,"column":30}},{"start":{"line":107,"column":35},"end":{"line":107,"column":57}}]},"22":{"line":108,"type":"if","locations":[{"start":{"line":108,"column":8},"end":{"line":108,"column":8}},{"start":{"line":108,"column":8},"end":{"line":108,"column":8}}]},"23":{"line":109,"type":"if","locations":[{"start":{"line":109,"column":8},"end":{"line":109,"column":8}},{"start":{"line":109,"column":8},"end":{"line":109,"column":8}}]},"24":{"line":113,"type":"if","locations":[{"start":{"line":113,"column":8},"end":{"line":113,"column":8}},{"start":{"line":113,"column":8},"end":{"line":113,"column":8}}]},"25":{"line":121,"type":"if","locations":[{"start":{"line":121,"column":8},"end":{"line":121,"column":8}},{"start":{"line":121,"column":8},"end":{"line":121,"column":8}}]},"26":{"line":124,"type":"cond-expr","locations":[{"start":{"line":124,"column":12},"end":{"line":124,"column":90}},{"start":{"line":125,"column":12},"end":{"line":125,"column":90}}]},"27":{"line":129,"type":"if","locations":[{"start":{"line":129,"column":36},"end":{"line":129,"column":36}},{"start":{"line":129,"column":36},"end":{"line":129,"column":36}}]},"28":{"line":130,"type":"if","locations":[{"start":{"line":130,"column":19},"end":{"line":130,"column":28}},{"start":{"line":130,"column":32},"end":{"line":130,"column":39}}]}}},"contracts\\interfaces\\IFeeManager.sol":{"l":{},"path":"C:\\Users\\athar\\OneDrive\\Desktop\\10TEST01\\contracts\\interfaces\\IFeeManager.sol","s":{},"b":{},"f":{},"fnMap":{},"statementMap":{},"branchMap":{}},"contracts\\interfaces\\ITokenPool.sol":{"l":{},"path":"C:\\Users\\athar\\OneDrive\\Desktop\\10TEST01\\contracts\\interfaces\\ITokenPool.sol","s":{},"b":{},"f":{},"fnMap":{},"statementMap":{},"branchMap":{}},"contracts\\TestToken.sol":{"l":{"14":2,"18":0,"22":0},"path":"C:\\Users\\athar\\OneDrive\\Desktop\\10TEST01\\contracts\\TestToken.sol","s":{"1":0,"2":0},"b":{},"f":{"1":2,"2":0,"3":0},"fnMap":{"1":{"name":"constructor","line":13,"loc":{"start":{"line":9,"column":4},"end":{"line":15,"column":4}}},"2":{"name":"mint","line":17,"loc":{"start":{"line":17,"column":4},"end":{"line":19,"column":4}}},"3":{"name":"decimals","line":21,"loc":{"start":{"line":21,"column":4},"end":{"line":23,"column":4}}}},"statementMap":{"1":{"start":{"line":18,"column":8},"end":{"line":18,"column":24}},"2":{"start":{"line":22,"column":8},"end":{"line":22,"column":24}}},"branchMap":{}},"contracts\\TokenPool.sol":{"l":{"38":0,"40":0,"41":0,"42":0,"44":0,"45":0,"52":0,"53":0,"55":0,"56":0,"57":0,"59":0,"66":0,"67":0,"68":0,"70":0,"71":0,"72":0,"74":0,"83":0,"84":0,"85":0,"87":0,"88":0,"90":0,"91":0,"93":0,"95":0,"96":0,"105":0,"114":0,"115":0,"118":0,"123":0,"124":0,"126":0,"127":0,"128":0,"130":0,"138":0,"140":0,"146":0,"154":0,"160":0,"162":0,"163":0,"167":0,"171":0},"path":"C:\\Users\\athar\\OneDrive\\Desktop\\10TEST01\\contracts\\TokenPool.sol","s":{"1":0,"2":0,"3":0,"4":0,"5":0,"6":0,"7":0,"8":0,"9":0,"10":0,"11":0,"12":0,"13":0,"14":0,"15":0,"16":0,"17":0,"18":0,"19":0,"20":0,"21":0,"22":0,"23":0,"24":0,"25":0,"26":0,"27":0,"28":0,"29":0,"30":0,"31":0,"32":0,"33":0,"34":0,"35":0,"36":0,"37":0,"38":0,"39":0},"b":{"1":[0,0],"2":[0,0],"3":[0,0],"4":[0,0],"5":[0,0],"6":[0,0],"7":[0,0],"8":[0,0],"9":[0,0],"10":[0,0],"11":[0,0],"12":[0,0],"13":[0,0],"14":[0,0],"15":[0,0],"16":[0,0],"17":[0,0],"18":[0,0],"19":[0,0],"20":[0,0],"21":[0,0],"22":[0,0],"23":[0,0],"24":[0,0],"25":[0,0],"26":[0,0],"27":[0,0],"28":[0,0],"29":[0,0],"30":[0,0],"31":[0,0],"32":[0,0],"33":[0,0],"34":[0,0],"35":[0,0]},"f":{"1":0,"2":0,"3":0,"4":0,"5":0,"6":0,"7":0,"8":0,"9":0,"10":0,"11":0},"fnMap":{"1":{"name":"constructor","line":37,"loc":{"start":{"line":32,"column":4},"end":{"line":46,"column":4}}},"2":{"name":"addLiquidity","line":51,"loc":{"start":{"line":48,"column":4},"end":{"line":60,"column":4}}},"3":{"name":"removeLiquidity","line":65,"loc":{"start":{"line":62,"column":4},"end":{"line":75,"column":4}}},"4":{"name":"initiateSwap","line":82,"loc":{"start":{"line":77,"column":4},"end":{"line":106,"column":4}}},"5":{"name":"_nonblockingLzReceive","line":108,"loc":{"start":{"line":108,"column":4},"end":{"line":131,"column":4}}},"6":{"name":"setTrustedRemote","line":137,"loc":{"start":{"line":133,"column":4},"end":{"line":141,"column":4}}},"7":{"name":"getPoolBalance","line":143,"loc":{"start":{"line":143,"column":4},"end":{"line":147,"column":4}}},"8":{"name":"processIncomingSwap","line":149,"loc":{"start":{"line":149,"column":4},"end":{"line":155,"column":4}}},"9":{"name":"setMaxTransactionAmount","line":159,"loc":{"start":{"line":157,"column":4},"end":{"line":164,"column":4}}},"10":{"name":"togglePause","line":166,"loc":{"start":{"line":166,"column":4},"end":{"line":168,"column":4}}},"11":{"name":"_isTokenSupported","line":170,"loc":{"start":{"line":170,"column":4},"end":{"line":173,"column":4}}}},"statementMap":{"1":{"start":{"line":38,"column":8},"end":{"line":38,"column":84}},"2":{"start":{"line":44,"column":8},"end":{"line":44,"column":49}},"3":{"start":{"line":45,"column":8},"end":{"line":45,"column":41}},"4":{"start":{"line":52,"column":8},"end":{"line":52,"column":64}},"5":{"start":{"line":53,"column":8},"end":{"line":53,"column":47}},"6":{"start":{"line":56,"column":8},"end":{"line":56,"column":84}},"7":{"start":{"line":57,"column":8},"end":{"line":57,"column":45}},"8":{"start":{"line":59,"column":8},"end":{"line":59,"column":42}},"9":{"start":{"line":66,"column":8},"end":{"line":66,"column":64}},"10":{"start":{"line":67,"column":8},"end":{"line":67,"column":47}},"11":{"start":{"line":68,"column":8},"end":{"line":68,"column":73}},"12":{"start":{"line":71,"column":8},"end":{"line":71,"column":65}},"13":{"start":{"line":72,"column":8},"end":{"line":72,"column":45}},"14":{"start":{"line":74,"column":8},"end":{"line":74,"column":44}},"15":{"start":{"line":83,"column":8},"end":{"line":83,"column":64}},"16":{"start":{"line":84,"column":8},"end":{"line":84,"column":80}},"17":{"start":{"line":85,"column":8},"end":{"line":85,"column":64}},"18":{"start":{"line":87,"column":8},"end":{"line":87,"column":78}},"19":{"start":{"line":88,"column":8},"end":{"line":88,"column":40}},"20":{"start":{"line":90,"column":8},"end":{"line":90,"column":84}},"21":{"start":{"line":91,"column":8},"end":{"line":91,"column":45}},"22":{"start":{"line":93,"column":8},"end":{"line":93,"column":53}},"23":{"start":{"line":95,"column":8},"end":{"line":95,"column":70}},"24":{"start":{"line":96,"column":8},"end":{"line":96,"column":3656}},"25":{"start":{"line":105,"column":8},"end":{"line":105,"column":75}},"26":{"start":{"line":114,"column":8},"end":{"line":114,"column":60}},"27":{"start":{"line":115,"column":8},"end":{"line":115,"column":83}},"28":{"start":{"line":118,"column":8},"end":{"line":118,"column":4284}},"29":{"start":{"line":123,"column":8},"end":{"line":123,"column":64}},"30":{"start":{"line":124,"column":8},"end":{"line":124,"column":73}},"31":{"start":{"line":127,"column":8},"end":{"line":127,"column":64}},"32":{"start":{"line":128,"column":8},"end":{"line":128,"column":45}},"33":{"start":{"line":130,"column":8},"end":{"line":130,"column":52}},"34":{"start":{"line":138,"column":4},"end":{"line":138,"column":58}},"35":{"start":{"line":146,"column":8},"end":{"line":146,"column":33}},"36":{"start":{"line":154,"column":8},"end":{"line":154,"column":59}},"37":{"start":{"line":160,"column":8},"end":{"line":160,"column":50}},"38":{"start":{"line":163,"column":8},"end":{"line":163,"column":51}},"39":{"start":{"line":171,"column":8},"end":{"line":171,"column":6063}}},"branchMap":{"1":{"line":38,"type":"if","locations":[{"start":{"line":38,"column":8},"end":{"line":38,"column":8}},{"start":{"line":38,"column":8},"end":{"line":38,"column":8}}]},"2":{"line":38,"type":"cond-expr","locations":[{"start":{"line":38,"column":12},"end":{"line":38,"column":36}},{"start":{"line":38,"column":41},"end":{"line":38,"column":61}}]},"3":{"line":51,"type":"if","locations":[{"start":{"line":51,"column":15},"end":{"line":51,"column":15}},{"start":{"line":51,"column":15},"end":{"line":51,"column":15}}]},"4":{"line":51,"type":"if","locations":[{"start":{"line":51,"column":36},"end":{"line":51,"column":36}},{"start":{"line":51,"column":36},"end":{"line":51,"column":36}}]},"5":{"line":51,"type":"if","locations":[{"start":{"line":51,"column":50},"end":{"line":51,"column":50}},{"start":{"line":51,"column":50},"end":{"line":51,"column":50}}]},"6":{"line":52,"type":"if","locations":[{"start":{"line":52,"column":8},"end":{"line":52,"column":8}},{"start":{"line":52,"column":8},"end":{"line":52,"column":8}}]},"7":{"line":53,"type":"if","locations":[{"start":{"line":53,"column":8},"end":{"line":53,"column":8}},{"start":{"line":53,"column":8},"end":{"line":53,"column":8}}]},"8":{"line":57,"type":"if","locations":[{"start":{"line":57,"column":8},"end":{"line":57,"column":8}},{"start":{"line":57,"column":8},"end":{"line":57,"column":8}}]},"9":{"line":65,"type":"if","locations":[{"start":{"line":65,"column":15},"end":{"line":65,"column":15}},{"start":{"line":65,"column":15},"end":{"line":65,"column":15}}]},"10":{"line":65,"type":"if","locations":[{"start":{"line":65,"column":36},"end":{"line":65,"column":36}},{"start":{"line":65,"column":36},"end":{"line":65,"column":36}}]},"11":{"line":65,"type":"if","locations":[{"start":{"line":65,"column":50},"end":{"line":65,"column":50}},{"start":{"line":65,"column":50},"end":{"line":65,"column":50}}]},"12":{"line":66,"type":"if","locations":[{"start":{"line":66,"column":8},"end":{"line":66,"column":8}},{"start":{"line":66,"column":8},"end":{"line":66,"column":8}}]},"13":{"line":67,"type":"if","locations":[{"start":{"line":67,"column":8},"end":{"line":67,"column":8}},{"start":{"line":67,"column":8},"end":{"line":67,"column":8}}]},"14":{"line":68,"type":"if","locations":[{"start":{"line":68,"column":8},"end":{"line":68,"column":8}},{"start":{"line":68,"column":8},"end":{"line":68,"column":8}}]},"15":{"line":72,"type":"if","locations":[{"start":{"line":72,"column":8},"end":{"line":72,"column":8}},{"start":{"line":72,"column":8},"end":{"line":72,"column":8}}]},"16":{"line":82,"type":"if","locations":[{"start":{"line":82,"column":32},"end":{"line":82,"column":32}},{"start":{"line":82,"column":32},"end":{"line":82,"column":32}}]},"17":{"line":82,"type":"if","locations":[{"start":{"line":82,"column":46},"end":{"line":82,"column":46}},{"start":{"line":82,"column":46},"end":{"line":82,"column":46}}]},"18":{"line":83,"type":"if","locations":[{"start":{"line":83,"column":8},"end":{"line":83,"column":8}},{"start":{"line":83,"column":8},"end":{"line":83,"column":8}}]},"19":{"line":84,"type":"if","locations":[{"start":{"line":84,"column":8},"end":{"line":84,"column":8}},{"start":{"line":84,"column":8},"end":{"line":84,"column":8}}]},"20":{"line":84,"type":"cond-expr","locations":[{"start":{"line":84,"column":12},"end":{"line":84,"column":22}},{"start":{"line":84,"column":27},"end":{"line":84,"column":55}}]},"21":{"line":85,"type":"if","locations":[{"start":{"line":85,"column":8},"end":{"line":85,"column":8}},{"start":{"line":85,"column":8},"end":{"line":85,"column":8}}]},"22":{"line":91,"type":"if","locations":[{"start":{"line":91,"column":8},"end":{"line":91,"column":8}},{"start":{"line":91,"column":8},"end":{"line":91,"column":8}}]},"23":{"line":115,"type":"if","locations":[{"start":{"line":115,"column":8},"end":{"line":115,"column":8}},{"start":{"line":115,"column":8},"end":{"line":115,"column":8}}]},"24":{"line":123,"type":"if","locations":[{"start":{"line":123,"column":8},"end":{"line":123,"column":8}},{"start":{"line":123,"column":8},"end":{"line":123,"column":8}}]},"25":{"line":124,"type":"if","locations":[{"start":{"line":124,"column":8},"end":{"line":124,"column":8}},{"start":{"line":124,"column":8},"end":{"line":124,"column":8}}]},"26":{"line":128,"type":"if","locations":[{"start":{"line":128,"column":8},"end":{"line":128,"column":8}},{"start":{"line":128,"column":8},"end":{"line":128,"column":8}}]},"27":{"line":137,"type":"if","locations":[{"start":{"line":137,"column":11},"end":{"line":137,"column":11}},{"start":{"line":137,"column":11},"end":{"line":137,"column":11}}]},"28":{"line":137,"type":"if","locations":[{"start":{"line":137,"column":32},"end":{"line":137,"column":32}},{"start":{"line":137,"column":32},"end":{"line":137,"column":32}}]},"29":{"line":138,"type":"if","locations":[{"start":{"line":138,"column":4},"end":{"line":138,"column":4}},{"start":{"line":138,"column":4},"end":{"line":138,"column":4}}]},"30":{"line":159,"type":"if","locations":[{"start":{"line":159,"column":15},"end":{"line":159,"column":15}},{"start":{"line":159,"column":15},"end":{"line":159,"column":15}}]},"31":{"line":159,"type":"if","locations":[{"start":{"line":159,"column":36},"end":{"line":159,"column":36}},{"start":{"line":159,"column":36},"end":{"line":159,"column":36}}]},"32":{"line":160,"type":"if","locations":[{"start":{"line":160,"column":8},"end":{"line":160,"column":8}},{"start":{"line":160,"column":8},"end":{"line":160,"column":8}}]},"33":{"line":166,"type":"if","locations":[{"start":{"line":166,"column":36},"end":{"line":166,"column":36}},{"start":{"line":166,"column":36},"end":{"line":166,"column":36}}]},"34":{"line":167,"type":"if","locations":[{"start":{"line":167,"column":19},"end":{"line":167,"column":28}},{"start":{"line":167,"column":32},"end":{"line":167,"column":39}}]},"35":{"line":171,"type":"cond-expr","locations":[{"start":{"line":171,"column":15},"end":{"line":171,"column":40}},{"start":{"line":172,"column":15},"end":{"line":172,"column":77}}]}}}}